<?xml version="1.0" encoding="UTF-8" ?>
<testsuite failures="0" time="1.201" errors="2" skipped="2" tests="6" name="system.architecture.exercise.mvc.web.functional.HomepageFunctionalityTest">
  <properties>
[...]
</properties>
  <testcase time="0.017" classname="java.lang.Object" name="BeforeStories"/>
  <testcase time="0.209" classname="system.architecture.exercise.mvc.web.functional.NavigationSteps" name="Given I started two weeks ago">
    <error message="Unable to locate element: {&quot;method&quot;:&quot;id&quot;,&quot;selector&quot;:&quot;startdate_field&quot;}
Command duration or timeout: 56 milliseconds
For documentation on this error, please visit: http://seleniumhq.org/exceptions/no_such_element.html
Build info: version: &apos;2.33.0&apos;, revision: &apos;4ecaf82108b2a6cc6f006aae81961236eba93358&apos;, time: &apos;2013-05-22 12:00:17&apos;
System info: os.name: &apos;Windows 7&apos;, os.arch: &apos;amd64&apos;, os.version: &apos;6.1&apos;, java.version: &apos;1.7.0_21&apos;
Session ID: afa16898-d4a0-40bf-9ad3-2c48d263026a
Driver info: org.openqa.selenium.firefox.FirefoxDriver
Capabilities [{platform=XP, acceptSslCerts=true, javascriptEnabled=true, cssSelectorsEnabled=true, databaseEnabled=true, browserName=firefox, handlesAlerts=true, nativeEvents=true, webStorageEnabled=true, rotatable=false, locationContextEnabled=true, applicationCacheEnabled=true, takesScreenshot=true, version=10.0}]" type="org.openqa.selenium.NoSuchElementException">org.openqa.selenium.NoSuchElementException: Unable to locate element: {&quot;method&quot;:&quot;id&quot;,&quot;selector&quot;:&quot;startdate_field&quot;}
Command duration or timeout: 56 milliseconds
For documentation on this error, please visit: http://seleniumhq.org/exceptions/no_such_element.html
Build info: version: &apos;2.33.0&apos;, revision: &apos;4ecaf82108b2a6cc6f006aae81961236eba93358&apos;, time: &apos;2013-05-22 12:00:17&apos;
System info: os.name: &apos;Windows 7&apos;, os.arch: &apos;amd64&apos;, os.version: &apos;6.1&apos;, java.version: &apos;1.7.0_21&apos;
Session ID: afa16898-d4a0-40bf-9ad3-2c48d263026a
Driver info: org.openqa.selenium.firefox.FirefoxDriver
Capabilities [{platform=XP, acceptSslCerts=true, javascriptEnabled=true, cssSelectorsEnabled=true, databaseEnabled=true, browserName=firefox, handlesAlerts=true, nativeEvents=true, webStorageEnabled=true, rotatable=false, locationContextEnabled=true, applicationCacheEnabled=true, takesScreenshot=true, version=10.0}]
	at sun.reflect.NativeConstructorAccessorImpl.newInstance0(Native Method)
	at sun.reflect.NativeConstructorAccessorImpl.newInstance(NativeConstructorAccessorImpl.java:57)
	at sun.reflect.DelegatingConstructorAccessorImpl.newInstance(DelegatingConstructorAccessorImpl.java:45)
	at java.lang.reflect.Constructor.newInstance(Constructor.java:525)
	at org.openqa.selenium.remote.ErrorHandler.createThrowable(ErrorHandler.java:187)
	at org.openqa.selenium.remote.ErrorHandler.throwIfResponseFailed(ErrorHandler.java:145)
	at org.openqa.selenium.remote.RemoteWebDriver.execute(RemoteWebDriver.java:554)
	at org.openqa.selenium.remote.RemoteWebDriver.findElement(RemoteWebDriver.java:307)
	at org.openqa.selenium.remote.RemoteWebDriver.findElementById(RemoteWebDriver.java:348)
	at org.openqa.selenium.By$ById.findElement(By.java:216)
	at org.openqa.selenium.remote.RemoteWebDriver.findElement(RemoteWebDriver.java:299)
	at system.architecture.exercise.mvc.web.functional.NavigationSteps.iEnterStartDateTwoWeeksAgo(NavigationSteps.java:40)
	at sun.reflect.NativeMethodAccessorImpl.invoke0(Native Method)
	at sun.reflect.NativeMethodAccessorImpl.invoke(NativeMethodAccessorImpl.java:57)
	at sun.reflect.DelegatingMethodAccessorImpl.invoke(DelegatingMethodAccessorImpl.java:43)
	at java.lang.reflect.Method.invoke(Method.java:601)
	at org.jbehave.core.steps.StepCreator$ParameterisedStep.perform(StepCreator.java:550)
	at org.jbehave.core.embedder.StoryRunner$FineSoFar.run(StoryRunner.java:499)
	at org.jbehave.core.embedder.StoryRunner.runStepsWhileKeepingState(StoryRunner.java:479)
	at org.jbehave.core.embedder.StoryRunner.runScenarioSteps(StoryRunner.java:443)
	at org.jbehave.core.embedder.StoryRunner.runCancellable(StoryRunner.java:305)
	at org.jbehave.core.embedder.StoryRunner.run(StoryRunner.java:219)
	at org.jbehave.core.embedder.StoryRunner.run(StoryRunner.java:180)
	at org.jbehave.core.embedder.StoryManager$EnqueuedStory.call(StoryManager.java:229)
	at org.jbehave.core.embedder.StoryManager$EnqueuedStory.call(StoryManager.java:201)
	at java.util.concurrent.FutureTask$Sync.innerRun(FutureTask.java:334)
	at java.util.concurrent.FutureTask.run(FutureTask.java:166)
	at java.util.concurrent.ThreadPoolExecutor.runWorker(ThreadPoolExecutor.java:1145)
	at java.util.concurrent.ThreadPoolExecutor$Worker.run(ThreadPoolExecutor.java:615)
	at java.lang.Thread.run(Thread.java:722)
Caused by: org.openqa.selenium.remote.ErrorHandler$UnknownServerException: Unable to locate element: {&quot;method&quot;:&quot;id&quot;,&quot;selector&quot;:&quot;startdate_field&quot;}
Build info: version: &apos;2.33.0&apos;, revision: &apos;4ecaf82108b2a6cc6f006aae81961236eba93358&apos;, time: &apos;2013-05-22 12:00:17&apos;
System info: os.name: &apos;Windows 7&apos;, os.arch: &apos;amd64&apos;, os.version: &apos;6.1&apos;, java.version: &apos;1.7.0_21&apos;
Driver info: driver.version: unknown
	at &lt;anonymous class&gt;.&lt;anonymous method&gt;(file:///C:/Users/616241/AppData/Local/Temp/anonymous6847543135518369143webdriver-profile/extensions/fxdriver@googlecode.com/components/driver_component.js:8444)
	at &lt;anonymous class&gt;.&lt;anonymous method&gt;(file:///C:/Users/616241/AppData/Local/Temp/anonymous6847543135518369143webdriver-profile/extensions/fxdriver@googlecode.com/components/driver_component.js:8453)
	at &lt;anonymous class&gt;.&lt;anonymous method&gt;(file:///C:/Users/616241/AppData/Local/Temp/anonymous6847543135518369143webdriver-profile/extensions/fxdriver@googlecode.com/components/command_processor.js:10456)
	at &lt;anonymous class&gt;.&lt;anonymous method&gt;(file:///C:/Users/616241/AppData/Local/Temp/anonymous6847543135518369143webdriver-profile/extensions/fxdriver@googlecode.com/components/command_processor.js:10461)
	at &lt;anonymous class&gt;.&lt;anonymous method&gt;(file:///C:/Users/616241/AppData/Local/Temp/anonymous6847543135518369143webdriver-profile/extensions/fxdriver@googlecode.com/components/command_processor.js:10401)
</error>
    <system-out>Running story ShowVacationDays.story
</system-out>
  </testcase>
  <testcase time="0.21" classname="system.architecture.exercise.mvc.web.functional.NavigationSteps" name="When I request my number of vacation days">
    <skipped/>
  </testcase>
  <testcase time="0.211" classname="system.architecture.exercise.mvc.web.functional.NavigationSteps" name="Then the number of vacation days I have is my daily accrual rate times 14">
    <skipped/>
  </testcase>
  <testcase time="0.003" classname="java.lang.Object" name="AfterStories"/>
  <testcase time="0.551" classname="org.apache.maven.surefire.junit4.JUnit4Provider" name="system.architecture.exercise.mvc.web.functional.HomepageFunctionalityTest">
    <error message="org.jbehave.core.embedder.Embedder$RunningStoriesFailed: Failures in running stories: 
ShowVacationDays.story: org.jbehave.core.embedder.StoryManager$StoryExecutionFailed: ShowVacationDays.story" type="java.lang.RuntimeException">java.lang.RuntimeException: org.jbehave.core.embedder.Embedder$RunningStoriesFailed: Failures in running stories: 
ShowVacationDays.story: org.jbehave.core.embedder.StoryManager$StoryExecutionFailed: ShowVacationDays.story
	at de.codecentric.jbehave.junit.monitoring.JUnitReportingRunner.run(JUnitReportingRunner.java:81)
	at org.apache.maven.surefire.junit4.JUnit4Provider.execute(JUnit4Provider.java:252)
	at org.apache.maven.surefire.junit4.JUnit4Provider.executeTestSet(JUnit4Provider.java:141)
	at org.apache.maven.surefire.junit4.JUnit4Provider.invoke(JUnit4Provider.java:112)
	at sun.reflect.NativeMethodAccessorImpl.invoke0(Native Method)
	at sun.reflect.NativeMethodAccessorImpl.invoke(NativeMethodAccessorImpl.java:57)
	at sun.reflect.DelegatingMethodAccessorImpl.invoke(DelegatingMethodAccessorImpl.java:43)
	at java.lang.reflect.Method.invoke(Method.java:601)
	at org.apache.maven.surefire.util.ReflectionUtils.invokeMethodWithArray(ReflectionUtils.java:189)
	at org.apache.maven.surefire.booter.ProviderFactory$ProviderProxy.invoke(ProviderFactory.java:165)
	at org.apache.maven.surefire.booter.ProviderFactory.invokeProvider(ProviderFactory.java:85)
	at org.apache.maven.surefire.booter.ForkedBooter.runSuitesInProcess(ForkedBooter.java:115)
	at org.apache.maven.surefire.booter.ForkedBooter.main(ForkedBooter.java:75)
Caused by: org.jbehave.core.embedder.Embedder$RunningStoriesFailed: Failures in running stories: 
ShowVacationDays.story: org.jbehave.core.embedder.StoryManager$StoryExecutionFailed: ShowVacationDays.story
	at org.jbehave.core.embedder.Embedder$ThrowingRunningStoriesFailed.handleFailures(Embedder.java:495)
	at org.jbehave.core.embedder.Embedder.handleFailures(Embedder.java:224)
	at org.jbehave.core.embedder.Embedder.runStoriesAsPaths(Embedder.java:205)
	at de.codecentric.jbehave.junit.monitoring.JUnitReportingRunner.run(JUnitReportingRunner.java:79)
	... 12 more
Caused by: org.jbehave.core.embedder.Embedder$RunningStoriesFailed: Failures in running stories: 
ShowVacationDays.story: org.jbehave.core.embedder.StoryManager$StoryExecutionFailed: ShowVacationDays.story
	at org.jbehave.core.embedder.Embedder$ThrowingRunningStoriesFailed.handleFailures(Embedder.java:495)
	at org.jbehave.core.embedder.Embedder.handleFailures(Embedder.java:224)
	at org.jbehave.core.embedder.Embedder.runStoriesAsPaths(Embedder.java:205)
	at de.codecentric.jbehave.junit.monitoring.JUnitReportingRunner.run(JUnitReportingRunner.java:79)
	... 12 more
</error>
    <system-out>Generating reports view to &apos;C:\workspace\SysArcExercise\target\jbehave&apos; using formats &apos;[junitscenarioreporter]&apos; and view properties &apos;{defaultFormats=stats, decorateNonHtml=true, viewDirectory=view, decorated=ftl/jbehave-report-decorated.ftl, reports=ftl/jbehave-reports-with-totals.ftl, maps=ftl/jbehave-maps.ftl, navigator=ftl/jbehave-navigator.ftl, views=ftl/jbehave-views.ftl, nonDecorated=ftl/jbehave-report-non-decorated.ftl}&apos;
Reports view generated with 0 stories (of which 0 pending) containing 0 scenarios (of which 0 pending)
</system-out>
  </testcase>
</testsuite>